2025-08-31T14:20:52: Generated 150 clients and 791 insights
2025-08-31T14:20:52: Insights Management server running at http://0.0.0.0:3001
2025-08-31T14:20:52: Available endpoints:
2025-08-31T14:20:52:   GET  / - Financial Advisor Outlook application
2025-08-31T14:20:52:   GET  /insights - Insights Management application
2025-08-31T14:20:52:   GET  /api/insights/all - Get all insights
2025-08-31T14:20:52:   GET  /api/insights/clients - Get all clients
2025-08-31T14:20:52:   GET  /api/insights/categories - Get all categories
2025-08-31T14:20:52:   POST /api/insights/log-to-crm - Log insight to CRM
2025-08-31T14:20:52:   POST /api/insights/dismiss - Dismiss insight
2025-08-31T14:20:52:   GET  /api/insights/dashboard/stats - Dashboard statistics
2025-08-31T15:04:59: Generated 150 clients and 870 insights
2025-08-31T15:04:59: Insights Management server running at http://0.0.0.0:3001
2025-08-31T15:04:59: Available endpoints:
2025-08-31T15:04:59:   GET  / - Financial Advisor Outlook application
2025-08-31T15:04:59:   GET  /insights - Insights Management application
2025-08-31T15:04:59:   GET  /api/insights/all - Get all insights
2025-08-31T15:04:59:   GET  /api/insights/clients - Get all clients
2025-08-31T15:04:59:   GET  /api/insights/categories - Get all categories
2025-08-31T15:04:59:   POST /api/insights/log-to-crm - Log insight to CRM
2025-08-31T15:04:59:   POST /api/insights/dismiss - Dismiss insight
2025-08-31T15:04:59:   GET  /api/insights/dashboard/stats - Dashboard statistics
2025-08-31T15:56:06: Generated 150 clients and 796 insights
2025-08-31T15:56:06: Insights Management server running at http://0.0.0.0:3001
2025-08-31T15:56:06: Available endpoints:
2025-08-31T15:56:06:   GET  / - Financial Advisor Outlook application
2025-08-31T15:56:06:   GET  /insights - Insights Management application
2025-08-31T15:56:06:   GET  /api/insights/all - Get all insights
2025-08-31T15:56:06:   GET  /api/insights/clients - Get all clients
2025-08-31T15:56:06:   GET  /api/insights/categories - Get all categories
2025-08-31T15:56:06:   POST /api/insights/log-to-crm - Log insight to CRM
2025-08-31T15:56:06:   POST /api/insights/dismiss - Dismiss insight
2025-08-31T15:56:06:   GET  /api/insights/dashboard/stats - Dashboard statistics
2025-08-31T16:20:33: Generated 250 clients and 1331 insights across 35 categories
2025-08-31T16:20:33: Insights Management server running at http://0.0.0.0:3001
2025-08-31T16:20:33: Available endpoints:
2025-08-31T16:20:33:   GET  / - Financial Advisor Outlook application
2025-08-31T16:20:33:   GET  /insights - Insights Management application
2025-08-31T16:20:33:   GET  /api/insights/all - Get all insights
2025-08-31T16:20:33:   GET  /api/insights/clients - Get all clients
2025-08-31T16:20:33:   GET  /api/insights/categories - Get all categories
2025-08-31T16:20:33:   POST /api/insights/log-to-crm - Log insight to CRM
2025-08-31T16:20:33:   POST /api/insights/dismiss - Dismiss insight
2025-08-31T16:20:33:   GET  /api/insights/dashboard/stats - Dashboard statistics
2025-08-31T16:35:40: Generated 250 clients and 1347 insights across 34 categories
2025-08-31T16:35:40: Insights Management server running at http://0.0.0.0:3001
2025-08-31T16:35:40: Available endpoints:
2025-08-31T16:35:40:   GET  / - Financial Advisor Outlook application
2025-08-31T16:35:40:   GET  /insights - Insights Management application
2025-08-31T16:35:40:   GET  /api/insights/all - Get all insights
2025-08-31T16:35:40:   GET  /api/insights/clients - Get all clients
2025-08-31T16:35:40:   GET  /api/insights/categories - Get all categories
2025-08-31T16:35:40:   POST /api/insights/log-to-crm - Log insight to CRM
2025-08-31T16:35:40:   POST /api/insights/dismiss - Dismiss insight
2025-08-31T16:35:40:   GET  /api/insights/dashboard/stats - Dashboard statistics
2025-08-31T16:41:13: Generated 250 clients and 1332 insights across 34 categories
2025-08-31T16:41:13: Insights Management server running at http://0.0.0.0:3001
2025-08-31T16:41:13: Available endpoints:
2025-08-31T16:41:13:   GET  / - Financial Advisor Outlook application
2025-08-31T16:41:13:   GET  /insights - Insights Management application
2025-08-31T16:41:13:   GET  /api/insights/all - Get all insights
2025-08-31T16:41:13:   GET  /api/insights/clients - Get all clients
2025-08-31T16:41:13:   GET  /api/insights/categories - Get all categories
2025-08-31T16:41:13:   POST /api/insights/log-to-crm - Log insight to CRM
2025-08-31T16:41:13:   POST /api/insights/dismiss - Dismiss insight
2025-08-31T16:41:13:   POST /api/insights/rate - Rate insight usefulness
2025-08-31T16:41:13:   GET  /api/insights/dashboard/stats - Dashboard statistics
2025-08-31T16:46:57: Generated 250 clients and 1348 insights across 34 categories
2025-08-31T16:46:57: Insights Management server running at http://0.0.0.0:3001
2025-08-31T16:46:57: Available endpoints:
2025-08-31T16:46:57:   GET  / - Financial Advisor Outlook application
2025-08-31T16:46:57:   GET  /insights - Insights Management application
2025-08-31T16:46:57:   GET  /api/insights/all - Get all insights
2025-08-31T16:46:57:   GET  /api/insights/clients - Get all clients
2025-08-31T16:46:57:   GET  /api/insights/categories - Get all categories
2025-08-31T16:46:57:   POST /api/insights/log-to-crm - Log insight to CRM
2025-08-31T16:46:57:   POST /api/insights/dismiss - Dismiss insight
2025-08-31T16:46:57:   POST /api/insights/rate - Rate insight usefulness
2025-08-31T16:46:57:   GET  /api/insights/dashboard/stats - Dashboard statistics
2025-08-31T16:50:28: Generated 250 clients and 1324 insights across 34 categories
2025-08-31T16:50:28: Insights Management server running at http://0.0.0.0:3001
2025-08-31T16:50:28: Available endpoints:
2025-08-31T16:50:28:   GET  / - Financial Advisor Outlook application
2025-08-31T16:50:28:   GET  /insights - Insights Management application
2025-08-31T16:50:28:   GET  /api/insights/all - Get all insights
2025-08-31T16:50:28:   GET  /api/insights/clients - Get all clients
2025-08-31T16:50:28:   GET  /api/insights/categories - Get all categories
2025-08-31T16:50:28:   POST /api/insights/log-to-crm - Log insight to CRM
2025-08-31T16:50:28:   POST /api/insights/dismiss - Dismiss insight
2025-08-31T16:50:28:   POST /api/insights/rate - Rate insight usefulness
2025-08-31T16:50:28:   GET  /api/insights/dashboard/stats - Dashboard statistics
