2025-08-31T14:20:52: Generated 150 clients and 791 insights
2025-08-31T14:20:52: Insights Management server running at http://0.0.0.0:3001
2025-08-31T14:20:52: Available endpoints:
2025-08-31T14:20:52:   GET  / - Financial Advisor Outlook application
2025-08-31T14:20:52:   GET  /insights - Insights Management application
2025-08-31T14:20:52:   GET  /api/insights/all - Get all insights
2025-08-31T14:20:52:   GET  /api/insights/clients - Get all clients
2025-08-31T14:20:52:   GET  /api/insights/categories - Get all categories
2025-08-31T14:20:52:   POST /api/insights/log-to-crm - Log insight to CRM
2025-08-31T14:20:52:   POST /api/insights/dismiss - Dismiss insight
2025-08-31T14:20:52:   GET  /api/insights/dashboard/stats - Dashboard statistics
2025-08-31T15:04:59: Generated 150 clients and 870 insights
2025-08-31T15:04:59: Insights Management server running at http://0.0.0.0:3001
2025-08-31T15:04:59: Available endpoints:
2025-08-31T15:04:59:   GET  / - Financial Advisor Outlook application
2025-08-31T15:04:59:   GET  /insights - Insights Management application
2025-08-31T15:04:59:   GET  /api/insights/all - Get all insights
2025-08-31T15:04:59:   GET  /api/insights/clients - Get all clients
2025-08-31T15:04:59:   GET  /api/insights/categories - Get all categories
2025-08-31T15:04:59:   POST /api/insights/log-to-crm - Log insight to CRM
2025-08-31T15:04:59:   POST /api/insights/dismiss - Dismiss insight
2025-08-31T15:04:59:   GET  /api/insights/dashboard/stats - Dashboard statistics
